{"C:\\Users\\umipa\\Desktop\\express-psql\\src\\data-source.ts": {"path":"C:\\Users\\umipa\\Desktop\\express-psql\\src\\data-source.ts","statementMap":{"0":{"start":{"line":1,"column":0},"end":{"line":1,"column":26}},"1":{"start":{"line":2,"column":0},"end":{"line":2,"column":37}},"2":{"start":{"line":3,"column":0},"end":{"line":3,"column":37}},"3":{"start":{"line":4,"column":0},"end":{"line":4,"column":33}},"4":{"start":{"line":7,"column":0},"end":{"line":7,"column":16}},"5":{"start":{"line":8,"column":68},"end":{"line":8,"column":79}},"6":{"start":{"line":10,"column":13},"end":{"line":22,"column":3}}},"fnMap":{},"branchMap":{"0":{"loc":{"start":{"line":13,"column":17},"end":{"line":13,"column":34}},"type":"binary-expr","locations":[{"start":{"line":13,"column":17},"end":{"line":13,"column":24}},{"start":{"line":13,"column":28},"end":{"line":13,"column":34}}]}},"s":{"0":2,"1":2,"2":2,"3":2,"4":2,"5":2,"6":2},"f":{},"b":{"0":[2,0]}}
,"C:\\Users\\umipa\\Desktop\\express-psql\\src\\server.ts": {"path":"C:\\Users\\umipa\\Desktop\\express-psql\\src\\server.ts","statementMap":{"0":{"start":{"line":1,"column":0},"end":{"line":1,"column":30}},"1":{"start":{"line":3,"column":0},"end":{"line":3,"column":50}},"2":{"start":{"line":4,"column":0},"end":{"line":4,"column":33}},"3":{"start":{"line":5,"column":0},"end":{"line":5,"column":26}},"4":{"start":{"line":6,"column":0},"end":{"line":6,"column":62}},"5":{"start":{"line":7,"column":0},"end":{"line":7,"column":16}},"6":{"start":{"line":9,"column":14},"end":{"line":9,"column":23}},"7":{"start":{"line":10,"column":2},"end":{"line":10,"column":26}},"8":{"start":{"line":11,"column":2},"end":{"line":11,"column":24}},"9":{"start":{"line":13,"column":2},"end":{"line":13,"column":31}},"10":{"start":{"line":15,"column":2},"end":{"line":17,"column":5}},"11":{"start":{"line":16,"column":4},"end":{"line":16,"column":53}},"12":{"start":{"line":18,"column":2},"end":{"line":18,"column":13}},"13":{"start":{"line":21,"column":0},"end":{"line":21,"column":28}}},"fnMap":{"0":{"name":"createServer","decl":{"start":{"line":8,"column":9},"end":{"line":8,"column":21}},"loc":{"start":{"line":8,"column":21},"end":{"line":19,"column":1}}},"1":{"name":"(anonymous_8)","decl":{"start":{"line":15,"column":15},"end":{"line":15,"column":16}},"loc":{"start":{"line":15,"column":47},"end":{"line":17,"column":3}}}},"branchMap":{},"s":{"0":2,"1":2,"2":2,"3":2,"4":2,"5":2,"6":2,"7":2,"8":2,"9":2,"10":2,"11":1,"12":2,"13":2},"f":{"0":2,"1":1},"b":{}}
,"C:\\Users\\umipa\\Desktop\\express-psql\\src\\controller\\Auth.controller.ts": {"path":"C:\\Users\\umipa\\Desktop\\express-psql\\src\\controller\\Auth.controller.ts","statementMap":{"0":{"start":{"line":2,"column":0},"end":{"line":2,"column":47}},"1":{"start":{"line":3,"column":0},"end":{"line":3,"column":38}},"2":{"start":{"line":4,"column":0},"end":{"line":4,"column":45}},"3":{"start":{"line":5,"column":0},"end":{"line":5,"column":47}},"4":{"start":{"line":9,"column":4},"end":{"line":45,"column":null}},"5":{"start":{"line":10,"column":34},"end":{"line":10,"column":42}},"6":{"start":{"line":11,"column":6},"end":{"line":15,"column":null}},"7":{"start":{"line":12,"column":8},"end":{"line":14,"column":61}},"8":{"start":{"line":17,"column":29},"end":{"line":17,"column":62}},"9":{"start":{"line":19,"column":19},"end":{"line":19,"column":67}},"10":{"start":{"line":20,"column":6},"end":{"line":24,"column":null}},"11":{"start":{"line":21,"column":8},"end":{"line":23,"column":68}},"12":{"start":{"line":27,"column":30},"end":{"line":27,"column":78}},"13":{"start":{"line":29,"column":6},"end":{"line":34,"column":null}},"14":{"start":{"line":30,"column":8},"end":{"line":33,"column":11}},"15":{"start":{"line":35,"column":27},"end":{"line":35,"column":45}},"16":{"start":{"line":36,"column":6},"end":{"line":36,"column":38}},"17":{"start":{"line":37,"column":6},"end":{"line":37,"column":36}},"18":{"start":{"line":38,"column":20},"end":{"line":38,"column":63}},"19":{"start":{"line":40,"column":6},"end":{"line":42,"column":69}},"20":{"start":{"line":44,"column":6},"end":{"line":44,"column":72}},"21":{"start":{"line":48,"column":4},"end":{"line":50,"column":null}},"22":{"start":{"line":49,"column":6},"end":{"line":49,"column":64}},"23":{"start":{"line":52,"column":27},"end":{"line":52,"column":60}},"24":{"start":{"line":53,"column":17},"end":{"line":55,"column":6}},"25":{"start":{"line":56,"column":4},"end":{"line":56,"column":66}},"26":{"start":{"line":7,"column":0},"end":{"line":7,"column":13}}},"fnMap":{"0":{"name":"(anonymous_0)","decl":{"start":{"line":8,"column":2},"end":{"line":8,"column":8}},"loc":{"start":{"line":8,"column":48},"end":{"line":46,"column":3}}},"1":{"name":"(anonymous_1)","decl":{"start":{"line":47,"column":2},"end":{"line":47,"column":8}},"loc":{"start":{"line":47,"column":53},"end":{"line":57,"column":3}}}},"branchMap":{"0":{"loc":{"start":{"line":11,"column":6},"end":{"line":15,"column":null}},"type":"if","locations":[{"start":{"line":11,"column":6},"end":{"line":15,"column":null}}]},"1":{"loc":{"start":{"line":11,"column":10},"end":{"line":11,"column":29}},"type":"binary-expr","locations":[{"start":{"line":11,"column":10},"end":{"line":11,"column":16}},{"start":{"line":11,"column":20},"end":{"line":11,"column":29}}]},"2":{"loc":{"start":{"line":20,"column":6},"end":{"line":24,"column":null}},"type":"if","locations":[{"start":{"line":20,"column":6},"end":{"line":24,"column":null}}]},"3":{"loc":{"start":{"line":29,"column":6},"end":{"line":34,"column":null}},"type":"if","locations":[{"start":{"line":29,"column":6},"end":{"line":34,"column":null}}]},"4":{"loc":{"start":{"line":48,"column":4},"end":{"line":50,"column":null}},"type":"if","locations":[{"start":{"line":48,"column":4},"end":{"line":50,"column":null}}]}},"s":{"0":2,"1":2,"2":2,"3":2,"4":4,"5":4,"6":4,"7":1,"8":3,"9":3,"10":3,"11":1,"12":2,"13":2,"14":1,"15":1,"16":1,"17":1,"18":1,"19":1,"20":0,"21":0,"22":0,"23":0,"24":0,"25":0,"26":2},"f":{"0":4,"1":0},"b":{"0":[1],"1":[4,3],"2":[1],"3":[1],"4":[0]}}
,"C:\\Users\\umipa\\Desktop\\express-psql\\src\\controller\\user.controller.ts": {"path":"C:\\Users\\umipa\\Desktop\\express-psql\\src\\controller\\user.controller.ts","statementMap":{"0":{"start":{"line":1,"column":0},"end":{"line":1,"column":47}},"1":{"start":{"line":3,"column":0},"end":{"line":3,"column":38}},"2":{"start":{"line":4,"column":0},"end":{"line":4,"column":45}},"3":{"start":{"line":5,"column":0},"end":{"line":5,"column":47}},"4":{"start":{"line":6,"column":0},"end":{"line":6,"column":38}},"5":{"start":{"line":9,"column":44},"end":{"line":9,"column":52}},"6":{"start":{"line":10,"column":30},"end":{"line":10,"column":65}},"7":{"start":{"line":11,"column":17},"end":{"line":11,"column":27}},"8":{"start":{"line":12,"column":4},"end":{"line":12,"column":21}},"9":{"start":{"line":13,"column":4},"end":{"line":13,"column":23}},"10":{"start":{"line":14,"column":4},"end":{"line":14,"column":38}},"11":{"start":{"line":15,"column":4},"end":{"line":15,"column":21}},"12":{"start":{"line":17,"column":27},"end":{"line":17,"column":60}},"13":{"start":{"line":18,"column":4},"end":{"line":18,"column":36}},"14":{"start":{"line":21,"column":25},"end":{"line":21,"column":43}},"15":{"start":{"line":22,"column":4},"end":{"line":22,"column":34}},"16":{"start":{"line":23,"column":4},"end":{"line":23,"column":36}},"17":{"start":{"line":24,"column":4},"end":{"line":24,"column":34}},"18":{"start":{"line":27,"column":18},"end":{"line":27,"column":61}},"19":{"start":{"line":28,"column":4},"end":{"line":30,"column":75}},"20":{"start":{"line":33,"column":17},"end":{"line":33,"column":34}},"21":{"start":{"line":34,"column":4},"end":{"line":48,"column":null}},"22":{"start":{"line":35,"column":6},"end":{"line":35,"column":40}},"23":{"start":{"line":36,"column":6},"end":{"line":38,"column":9}},"24":{"start":{"line":40,"column":6},"end":{"line":40,"column":37}},"25":{"start":{"line":41,"column":29},"end":{"line":41,"column":62}},"26":{"start":{"line":42,"column":20},"end":{"line":42,"column":47}},"27":{"start":{"line":44,"column":6},"end":{"line":44,"column":37}},"28":{"start":{"line":45,"column":6},"end":{"line":47,"column":9}},"29":{"start":{"line":51,"column":19},"end":{"line":51,"column":29}},"30":{"start":{"line":52,"column":28},"end":{"line":52,"column":36}},"31":{"start":{"line":53,"column":27},"end":{"line":53,"column":60}},"32":{"start":{"line":54,"column":17},"end":{"line":54,"column":76}},"33":{"start":{"line":55,"column":4},"end":{"line":55,"column":21}},"34":{"start":{"line":56,"column":4},"end":{"line":56,"column":23}},"35":{"start":{"line":57,"column":4},"end":{"line":57,"column":36}},"36":{"start":{"line":58,"column":4},"end":{"line":58,"column":55}},"37":{"start":{"line":62,"column":19},"end":{"line":62,"column":29}},"38":{"start":{"line":63,"column":27},"end":{"line":63,"column":60}},"39":{"start":{"line":64,"column":17},"end":{"line":64,"column":76}},"40":{"start":{"line":65,"column":4},"end":{"line":65,"column":38}},"41":{"start":{"line":66,"column":4},"end":{"line":66,"column":44}},"42":{"start":{"line":7,"column":0},"end":{"line":7,"column":13}}},"fnMap":{"0":{"name":"(anonymous_6)","decl":{"start":{"line":8,"column":2},"end":{"line":8,"column":8}},"loc":{"start":{"line":8,"column":49},"end":{"line":31,"column":3}}},"1":{"name":"(anonymous_7)","decl":{"start":{"line":32,"column":2},"end":{"line":32,"column":8}},"loc":{"start":{"line":32,"column":51},"end":{"line":49,"column":3}}},"2":{"name":"(anonymous_8)","decl":{"start":{"line":50,"column":2},"end":{"line":50,"column":8}},"loc":{"start":{"line":50,"column":53},"end":{"line":59,"column":3}}},"3":{"name":"(anonymous_9)","decl":{"start":{"line":61,"column":2},"end":{"line":61,"column":8}},"loc":{"start":{"line":61,"column":53},"end":{"line":67,"column":3}}}},"branchMap":{"0":{"loc":{"start":{"line":34,"column":4},"end":{"line":48,"column":null}},"type":"if","locations":[{"start":{"line":34,"column":4},"end":{"line":48,"column":null}},{"start":{"line":39,"column":11},"end":{"line":48,"column":null}}]}},"s":{"0":2,"1":2,"2":2,"3":2,"4":2,"5":0,"6":0,"7":0,"8":0,"9":0,"10":0,"11":0,"12":0,"13":0,"14":0,"15":0,"16":0,"17":0,"18":0,"19":0,"20":0,"21":0,"22":0,"23":0,"24":0,"25":0,"26":0,"27":0,"28":0,"29":0,"30":0,"31":0,"32":0,"33":0,"34":0,"35":0,"36":0,"37":0,"38":0,"39":0,"40":0,"41":0,"42":2},"f":{"0":0,"1":0,"2":0,"3":0},"b":{"0":[0,0]}}
,"C:\\Users\\umipa\\Desktop\\express-psql\\src\\dto\\user.dto.ts": {"path":"C:\\Users\\umipa\\Desktop\\express-psql\\src\\dto\\user.dto.ts","statementMap":{"0":{"start":{"line":1,"column":0},"end":{"line":1,"column":13}},"1":{"start":{"line":7,"column":0},"end":{"line":7,"column":13}}},"fnMap":{},"branchMap":{},"s":{"0":2,"1":2},"f":{},"b":{}}
,"C:\\Users\\umipa\\Desktop\\express-psql\\src\\entity\\User.ts": {"path":"C:\\Users\\umipa\\Desktop\\express-psql\\src\\entity\\User.ts","statementMap":{"0":{"start":{"line":1,"column":0},"end":{"line":1,"column":null}},"1":{"start":{"line":8,"column":0},"end":{"line":8,"column":null}},"2":{"start":{"line":9,"column":2},"end":{"line":9,"column":null}},"3":{"start":{"line":10,"column":2},"end":{"line":10,"column":null}},"4":{"start":{"line":13,"column":0},"end":{"line":40,"column":null}},"5":{"start":{"line":15,"column":2},"end":{"line":15,"column":null}},"6":{"start":{"line":21,"column":2},"end":{"line":21,"column":null}},"7":{"start":{"line":24,"column":2},"end":{"line":24,"column":null}},"8":{"start":{"line":27,"column":2},"end":{"line":27,"column":null}},"9":{"start":{"line":30,"column":2},"end":{"line":30,"column":null}},"10":{"start":{"line":33,"column":2},"end":{"line":33,"column":null}},"11":{"start":{"line":36,"column":2},"end":{"line":36,"column":null}},"12":{"start":{"line":39,"column":2},"end":{"line":39,"column":null}},"13":{"start":{"line":13,"column":13},"end":{"line":40,"column":null}},"14":{"start":{"line":13,"column":13},"end":{"line":13,"column":17}}},"fnMap":{"0":{"name":"(anonymous_2)","decl":{"start":{"line":8,"column":0},"end":{"line":8,"column":5}},"loc":{"start":{"line":8,"column":13},"end":{"line":11,"column":1}}}},"branchMap":{"0":{"loc":{"start":{"line":8,"column":5},"end":{"line":8,"column":null}},"type":"binary-expr","locations":[{"start":{"line":8,"column":5},"end":{"line":8,"column":13}},{"start":{"line":8,"column":5},"end":{"line":8,"column":null}}]}},"s":{"0":2,"1":2,"2":2,"3":2,"4":2,"5":2,"6":2,"7":2,"8":2,"9":2,"10":2,"11":2,"12":2,"13":2,"14":2},"f":{"0":2},"b":{"0":[2,2]}}
,"C:\\Users\\umipa\\Desktop\\express-psql\\src\\helpers\\helpers.ts": {"path":"C:\\Users\\umipa\\Desktop\\express-psql\\src\\helpers\\helpers.ts","statementMap":{"0":{"start":{"line":1,"column":0},"end":{"line":1,"column":33}},"1":{"start":{"line":2,"column":0},"end":{"line":2,"column":33}},"2":{"start":{"line":3,"column":0},"end":{"line":3,"column":36}},"3":{"start":{"line":5,"column":0},"end":{"line":5,"column":16}},"4":{"start":{"line":6,"column":28},"end":{"line":6,"column":39}},"5":{"start":{"line":10,"column":4},"end":{"line":10,"column":41}},"6":{"start":{"line":13,"column":4},"end":{"line":13,"column":56}},"7":{"start":{"line":17,"column":4},"end":{"line":17,"column":62}},"8":{"start":{"line":8,"column":0},"end":{"line":8,"column":13}}},"fnMap":{"0":{"name":"(anonymous_6)","decl":{"start":{"line":9,"column":2},"end":{"line":9,"column":8}},"loc":{"start":{"line":9,"column":43},"end":{"line":11,"column":3}}},"1":{"name":"(anonymous_7)","decl":{"start":{"line":12,"column":2},"end":{"line":12,"column":8}},"loc":{"start":{"line":12,"column":65},"end":{"line":14,"column":3}}},"2":{"name":"(anonymous_8)","decl":{"start":{"line":16,"column":2},"end":{"line":16,"column":8}},"loc":{"start":{"line":16,"column":39},"end":{"line":18,"column":3}}}},"branchMap":{"0":{"loc":{"start":{"line":6,"column":8},"end":{"line":6,"column":23}},"type":"default-arg","locations":[{"start":{"line":6,"column":21},"end":{"line":6,"column":23}}]}},"s":{"0":1,"1":1,"2":1,"3":1,"4":1,"5":0,"6":0,"7":0,"8":1},"f":{"0":0,"1":0,"2":0},"b":{"0":[0]}}
,"C:\\Users\\umipa\\Desktop\\express-psql\\src\\middlewares\\auth.middleware.ts": {"path":"C:\\Users\\umipa\\Desktop\\express-psql\\src\\middlewares\\auth.middleware.ts","statementMap":{"0":{"start":{"line":2,"column":0},"end":{"line":2,"column":36}},"1":{"start":{"line":3,"column":0},"end":{"line":3,"column":33}},"2":{"start":{"line":4,"column":0},"end":{"line":4,"column":47}},"3":{"start":{"line":5,"column":0},"end":{"line":5,"column":38}},"4":{"start":{"line":6,"column":0},"end":{"line":6,"column":16}},"5":{"start":{"line":8,"column":30},"end":{"line":28,"column":1}},"6":{"start":{"line":13,"column":17},"end":{"line":13,"column":42}},"7":{"start":{"line":14,"column":2},"end":{"line":16,"column":null}},"8":{"start":{"line":15,"column":4},"end":{"line":15,"column":61}},"9":{"start":{"line":17,"column":16},"end":{"line":17,"column":36}},"10":{"start":{"line":18,"column":2},"end":{"line":20,"column":null}},"11":{"start":{"line":19,"column":4},"end":{"line":19,"column":61}},"12":{"start":{"line":21,"column":17},"end":{"line":21,"column":58}},"13":{"start":{"line":22,"column":2},"end":{"line":24,"column":null}},"14":{"start":{"line":23,"column":4},"end":{"line":23,"column":61}},"15":{"start":{"line":26,"column":2},"end":{"line":26,"column":30}},"16":{"start":{"line":27,"column":2},"end":{"line":27,"column":9}},"17":{"start":{"line":8,"column":13},"end":{"line":8,"column":30}},"18":{"start":{"line":30,"column":29},"end":{"line":42,"column":1}},"19":{"start":{"line":31,"column":2},"end":{"line":41,"column":4}},"20":{"start":{"line":32,"column":21},"end":{"line":32,"column":54}},"21":{"start":{"line":33,"column":17},"end":{"line":35,"column":6}},"22":{"start":{"line":36,"column":4},"end":{"line":36,"column":22}},"23":{"start":{"line":37,"column":4},"end":{"line":39,"column":null}},"24":{"start":{"line":38,"column":6},"end":{"line":38,"column":60}},"25":{"start":{"line":40,"column":4},"end":{"line":40,"column":11}},"26":{"start":{"line":30,"column":13},"end":{"line":30,"column":29}}},"fnMap":{"0":{"name":"(anonymous_6)","decl":{"start":{"line":8,"column":30},"end":{"line":8,"column":null}},"loc":{"start":{"line":12,"column":4},"end":{"line":28,"column":1}}},"1":{"name":"(anonymous_7)","decl":{"start":{"line":30,"column":29},"end":{"line":30,"column":30}},"loc":{"start":{"line":30,"column":49},"end":{"line":42,"column":1}}},"2":{"name":"(anonymous_8)","decl":{"start":{"line":31,"column":9},"end":{"line":31,"column":14}},"loc":{"start":{"line":31,"column":67},"end":{"line":41,"column":3}}}},"branchMap":{"0":{"loc":{"start":{"line":14,"column":2},"end":{"line":16,"column":null}},"type":"if","locations":[{"start":{"line":14,"column":2},"end":{"line":16,"column":null}}]},"1":{"loc":{"start":{"line":18,"column":2},"end":{"line":20,"column":null}},"type":"if","locations":[{"start":{"line":18,"column":2},"end":{"line":20,"column":null}}]},"2":{"loc":{"start":{"line":22,"column":2},"end":{"line":24,"column":null}},"type":"if","locations":[{"start":{"line":22,"column":2},"end":{"line":24,"column":null}}]},"3":{"loc":{"start":{"line":37,"column":4},"end":{"line":39,"column":null}},"type":"if","locations":[{"start":{"line":37,"column":4},"end":{"line":39,"column":null}}]}},"s":{"0":2,"1":2,"2":2,"3":2,"4":2,"5":2,"6":0,"7":0,"8":0,"9":0,"10":0,"11":0,"12":0,"13":0,"14":0,"15":0,"16":0,"17":2,"18":2,"19":8,"20":0,"21":0,"22":0,"23":0,"24":0,"25":0,"26":2},"f":{"0":0,"1":8,"2":0},"b":{"0":[0],"1":[0],"2":[0],"3":[0]}}
,"C:\\Users\\umipa\\Desktop\\express-psql\\src\\middlewares\\error.middleware.ts": {"path":"C:\\Users\\umipa\\Desktop\\express-psql\\src\\middlewares\\error.middleware.ts","statementMap":{"0":{"start":{"line":3,"column":28},"end":{"line":11,"column":1}},"1":{"start":{"line":9,"column":2},"end":{"line":9,"column":43}},"2":{"start":{"line":10,"column":2},"end":{"line":10,"column":68}},"3":{"start":{"line":3,"column":13},"end":{"line":3,"column":28}}},"fnMap":{"0":{"name":"(anonymous_0)","decl":{"start":{"line":3,"column":28},"end":{"line":3,"column":null}},"loc":{"start":{"line":8,"column":4},"end":{"line":11,"column":1}}}},"branchMap":{},"s":{"0":2,"1":0,"2":0,"3":2},"f":{"0":0},"b":{}}
,"C:\\Users\\umipa\\Desktop\\express-psql\\src\\routes\\auth.routes.ts": {"path":"C:\\Users\\umipa\\Desktop\\express-psql\\src\\routes\\auth.routes.ts","statementMap":{"0":{"start":{"line":1,"column":0},"end":{"line":1,"column":63}},"1":{"start":{"line":2,"column":0},"end":{"line":2,"column":63}},"2":{"start":{"line":3,"column":0},"end":{"line":3,"column":35}},"3":{"start":{"line":4,"column":0},"end":{"line":4,"column":79}},"4":{"start":{"line":5,"column":15},"end":{"line":5,"column":31}},"5":{"start":{"line":37,"column":19},"end":{"line":37,"column":29}},"6":{"start":{"line":7,"column":0},"end":{"line":12,"column":2}},"7":{"start":{"line":14,"column":0},"end":{"line":19,"column":2}},"8":{"start":{"line":20,"column":0},"end":{"line":20,"column":46}},"9":{"start":{"line":21,"column":0},"end":{"line":21,"column":44}},"10":{"start":{"line":23,"column":0},"end":{"line":28,"column":2}},"11":{"start":{"line":30,"column":0},"end":{"line":35,"column":2}}},"fnMap":{},"branchMap":{},"s":{"0":2,"1":2,"2":2,"3":2,"4":2,"5":2,"6":2,"7":2,"8":2,"9":2,"10":2,"11":2},"f":{},"b":{}}
}
